<?xml version="1.0" encoding="UTF-8"?>
<!-- Generated by org.testng.reporters.JUnitXMLReporter -->
<testsuite hostname="DESKTOP-GM20KQQ" ignored="0" name="Default test" tests="6" failures="0" timestamp="2022-03-05T10:06:47 IST" time="1.343" errors="0">
  <testcase name="testCaseFive" time="0.098" classname="core.IncludeExcludeClass"/>
  <testcase name="testCaseFour" time="0.002" classname="core.IncludeExcludeClass"/>
  <testcase name="testCaseOne" time="0.002" classname="core.IncludeExcludeClass"/>
  <testcase name="testCaseSix" time="0.002" classname="core.IncludeExcludeClass"/>
  <testcase name="testCaseThree" time="0.002" classname="core.IncludeExcludeClass"/>
  <testcase name="testCaseTwo" time="0.003" classname="core.IncludeExcludeClass"/>
</testsuite> <!-- Default test -->
