<?xml version="1.0" encoding="UTF-8"?>
<!-- Generated by org.testng.reporters.JUnitXMLReporter -->
<testsuite hostname="DESKTOP-GM20KQQ" ignored="0" name="Default test" tests="3" failures="0" timestamp="2022-03-06T09:10:07 IST" time="2.123" errors="0">
  <testcase name="testCase" time="0.123" classname="parameter.DataProviderClass"/>
  <testcase name="testCase" time="0.002" classname="parameter.DataProviderClass"/>
  <testcase name="testCase" time="0.002" classname="parameter.DataProviderClass"/>
</testsuite> <!-- Default test -->
