<?xml version="1.0" encoding="UTF-8"?>
<!-- Generated by org.testng.reporters.JUnitXMLReporter -->
<testsuite hostname="DESKTOP-GM20KQQ" ignored="2" name="Test" tests="4" failures="0" timestamp="2022-03-05T10:08:21 IST" time="0.328" errors="0">
  <testcase name="testCaseFive" time="0.023" classname="core.IncludeExcludeClass"/>
  <testcase name="testCaseOne" time="0.001" classname="core.IncludeExcludeClass"/>
  <testcase name="testCaseThree" time="0.001" classname="core.IncludeExcludeClass"/>
  <testcase name="testCaseTwo" time="0.002" classname="core.IncludeExcludeClass"/>
  <testcase name="testCaseFour" time="0.0" classname="core.IncludeExcludeClass">
    <ignored/>
  </testcase> <!-- testCaseFour -->
  <testcase name="testCaseSix" time="0.0" classname="core.IncludeExcludeClass">
    <ignored/>
  </testcase> <!-- testCaseSix -->
</testsuite> <!-- Test -->
