<?xml version="1.0" encoding="UTF-8"?>
<testng-results skipped="0" failed="0" ignored="2" total="6" passed="4">
  <reporter-output>
  </reporter-output>
  <suite name="Suite" duration-ms="328" started-at="2022-03-05T10:08:21 IST" finished-at="2022-03-05T10:08:21 IST">
    <groups>
      <group name="Regression">
        <method signature="IncludeExcludeClass.testCaseTwo()[pri:0, instance:core.IncludeExcludeClass@e048a]" name="testCaseTwo" class="core.IncludeExcludeClass"/>
      </group> <!-- Regression -->
      <group name="smoke">
        <method signature="IncludeExcludeClass.testCaseFive()[pri:0, instance:core.IncludeExcludeClass@e048a]" name="testCaseFive" class="core.IncludeExcludeClass"/>
        <method signature="IncludeExcludeClass.testCaseOne()[pri:0, instance:core.IncludeExcludeClass@e048a]" name="testCaseOne" class="core.IncludeExcludeClass"/>
        <method signature="IncludeExcludeClass.testCaseThree()[pri:0, instance:core.IncludeExcludeClass@e048a]" name="testCaseThree" class="core.IncludeExcludeClass"/>
        <method signature="IncludeExcludeClass.testCaseTwo()[pri:0, instance:core.IncludeExcludeClass@e048a]" name="testCaseTwo" class="core.IncludeExcludeClass"/>
      </group> <!-- smoke -->
    </groups>
    <test name="Test" duration-ms="328" started-at="2022-03-05T10:08:21 IST" finished-at="2022-03-05T10:08:21 IST">
      <class name="core.IncludeExcludeClass">
        <test-method status="PASS" signature="testCaseFive()[pri:0, instance:core.IncludeExcludeClass@e048a]" name="testCaseFive" duration-ms="23" started-at="2022-03-05T10:08:21 IST" finished-at="2022-03-05T10:08:21 IST">
          <reporter-output>
          </reporter-output>
        </test-method> <!-- testCaseFive -->
        <test-method status="PASS" signature="testCaseOne()[pri:0, instance:core.IncludeExcludeClass@e048a]" name="testCaseOne" duration-ms="1" started-at="2022-03-05T10:08:21 IST" finished-at="2022-03-05T10:08:21 IST">
          <reporter-output>
          </reporter-output>
        </test-method> <!-- testCaseOne -->
        <test-method status="PASS" signature="testCaseThree()[pri:0, instance:core.IncludeExcludeClass@e048a]" name="testCaseThree" duration-ms="1" started-at="2022-03-05T10:08:21 IST" finished-at="2022-03-05T10:08:21 IST">
          <reporter-output>
          </reporter-output>
        </test-method> <!-- testCaseThree -->
        <test-method status="PASS" signature="testCaseTwo()[pri:0, instance:core.IncludeExcludeClass@e048a]" name="testCaseTwo" duration-ms="2" started-at="2022-03-05T10:08:21 IST" finished-at="2022-03-05T10:08:21 IST">
          <reporter-output>
          </reporter-output>
        </test-method> <!-- testCaseTwo -->
      </class> <!-- core.IncludeExcludeClass -->
    </test> <!-- Test -->
  </suite> <!-- Suite -->
</testng-results>
